Exercices/ExerciceStudentDataManagement/StudentDataManagement/app/build/intermediates/manifest_merge_blame_file/debug/manifest-merger-blame-debug-report.txt
1<?xml version="1.0" encoding="utf-8"?>
2<manifest xmlns:android="http://schemas.android.com/apk/res/android"
3    package="ca.qc.cgodin.database"
4    android:versionCode="1"
5    android:versionName="1.0" >
6
7    <uses-sdk
8        android:minSdkVersion="23"
8-->src\main\AndroidManifest.xml
9        android:targetSdkVersion="30" />
9-->src\main\AndroidManifest.xml
10
11    <application
11-->src\main\AndroidManifest.xml:7:5-27:19
12        android:appComponentFactory="androidx.core.app.CoreComponentFactory"
12-->[androidx.core:core:1.3.1] AndroidManifest.xml:24:18-86
13        android:debuggable="true"
14        android:extractNativeLibs="false"
15        android:icon="@drawable/ic_launcher"
15-->src\main\AndroidManifest.xml:8:9-45
16        android:label="@string/app_name" >
16-->src\main\AndroidManifest.xml:9:9-41
17        <activity android:name="ca.qc.cgodin.database.StudentAdd" />
17-->src\main\AndroidManifest.xml:10:9-57
17-->src\main\AndroidManifest.xml:10:19-45
18        <activity android:name="ca.qc.cgodin.database.StudentAddToBD" >
18-->src\main\AndroidManifest.xml:11:9-17:20
18-->src\main\AndroidManifest.xml:11:19-49
19            <intent-filter>
19-->src\main\AndroidManifest.xml:12:13-16:29
20                <action android:name="android.intent.action.MAIN" />
20-->src\main\AndroidManifest.xml:13:17-69
20-->src\main\AndroidManifest.xml:13:25-66
21
22                <category android:name="android.intent.category.LAUNCHER" />
22-->src\main\AndroidManifest.xml:15:17-77
22-->src\main\AndroidManifest.xml:15:27-74
23            </intent-filter>
24        </activity>
25        <activity
25-->src\main\AndroidManifest.xml:18:9-26:20
26            android:name="ca.qc.cgodin.database.StudentDBManagementActivity"
26-->src\main\AndroidManifest.xml:19:13-56
27            android:label="@string/app_name" >
27-->src\main\AndroidManifest.xml:20:13-45
28            <intent-filter>
28-->src\main\AndroidManifest.xml:12:13-16:29
29                <action android:name="android.intent.action.MAIN" />
29-->src\main\AndroidManifest.xml:13:17-69
29-->src\main\AndroidManifest.xml:13:25-66
30
31                <category android:name="android.intent.category.LAUNCHER" />
31-->src\main\AndroidManifest.xml:15:17-77
31-->src\main\AndroidManifest.xml:15:27-74
32            </intent-filter>
33        </activity>
34    </application>
35
36</manifest>